0 info it worked if it ends with ok
1 verbose cli [ '/usr/bin/node', '/usr/bin/npm', 'run', 'seed:db' ]
2 info using npm@3.5.2
3 info using node@v8.10.0
4 verbose run-script [ 'preseed:db', 'seed:db', 'postseed:db' ]
5 info lifecycle streamifi-video@~preseed:db: streamifi-video@
6 silly lifecycle streamifi-video@~preseed:db: no script for preseed:db, continuing
7 info lifecycle streamifi-video@~seed:db: streamifi-video@
8 verbose lifecycle streamifi-video@~seed:db: unsafe-perm in lifecycle true
9 verbose lifecycle streamifi-video@~seed:db: PATH: /usr/share/npm/bin/node-gyp-bin:/home/phouthalang/Desktop/hack-reactor/Streamifi-Video-Player/node_modules/.bin:/usr/local/sbin:/usr/local/bin:/usr/sbin:/usr/bin:/sbin:/bin:/usr/games:/usr/local/games
10 verbose lifecycle streamifi-video@~seed:db: CWD: /home/phouthalang/Desktop/hack-reactor/Streamifi-Video-Player
11 silly lifecycle streamifi-video@~seed:db: Args: [ '-c', 'node database/seed.js ' ]
12 silly lifecycle streamifi-video@~seed:db: Returned: code: 1  signal: null
13 info lifecycle streamifi-video@~seed:db: Failed to exec seed:db script
14 verbose stack Error: streamifi-video@ seed:db: `node database/seed.js `
14 verbose stack Exit status 1
14 verbose stack     at EventEmitter.<anonymous> (/usr/share/npm/lib/utils/lifecycle.js:232:16)
14 verbose stack     at emitTwo (events.js:126:13)
14 verbose stack     at EventEmitter.emit (events.js:214:7)
14 verbose stack     at ChildProcess.<anonymous> (/usr/share/npm/lib/utils/spawn.js:24:14)
14 verbose stack     at emitTwo (events.js:126:13)
14 verbose stack     at ChildProcess.emit (events.js:214:7)
14 verbose stack     at maybeClose (internal/child_process.js:925:16)
14 verbose stack     at Process.ChildProcess._handle.onexit (internal/child_process.js:209:5)
15 verbose pkgid streamifi-video@
16 verbose cwd /home/phouthalang/Desktop/hack-reactor/Streamifi-Video-Player
17 error Linux 5.3.0-42-generic
18 error argv "/usr/bin/node" "/usr/bin/npm" "run" "seed:db"
19 error node v8.10.0
20 error npm  v3.5.2
21 error code ELIFECYCLE
22 error streamifi-video@ seed:db: `node database/seed.js `
22 error Exit status 1
23 error Failed at the streamifi-video@ seed:db script 'node database/seed.js '.
23 error Make sure you have the latest version of node.js and npm installed.
23 error If you do, this is most likely a problem with the streamifi-video package,
23 error not with npm itself.
23 error Tell the author that this fails on your system:
23 error     node database/seed.js
23 error You can get information on how to open an issue for this project with:
23 error     npm bugs streamifi-video
23 error Or if that isn't available, you can get their info via:
23 error     npm owner ls streamifi-video
23 error There is likely additional logging output above.
24 verbose exit [ 1, true ]
